TN:
SF:config/features.config.ts
FNF:0
FNH:0
DA:8,1
LF:1
LH:1
BRF:0
BRH:0
end_of_record
TN:
SF:lib/audit-logger.ts
FN:22,extractRequestContext
FN:48,logAuditEvent
FNF:2
FNH:2
FNDA:1,extractRequestContext
FNDA:2,logAuditEvent
DA:26,1
DA:28,1
DA:29,0
DA:35,1
DA:37,1
DA:40,1
DA:42,1
DA:49,2
DA:50,1
DA:53,1
DA:65,1
DA:67,1
DA:68,0
DA:71,1
DA:73,1
DA:84,2
DA:88,1
DA:89,0
DA:92,0
LF:19
LH:15
BRDA:26,0,0,1
BRDA:26,0,1,1
BRDA:26,0,2,0
BRDA:28,1,0,0
BRDA:28,1,1,1
BRDA:28,2,0,1
BRDA:28,2,1,1
BRDA:37,3,0,1
BRDA:37,3,1,0
BRDA:37,3,2,0
BRDA:44,4,0,1
BRDA:44,4,1,0
BRDA:49,5,0,1
BRDA:49,5,1,1
BRDA:56,6,0,1
BRDA:58,7,0,1
BRDA:59,8,0,1
BRDA:60,9,0,1
BRDA:61,10,0,1
BRDA:62,11,0,1
BRDA:67,12,0,0
BRDA:67,12,1,1
BRDA:67,13,0,1
BRDA:67,13,1,1
BRDA:80,14,0,1
BRDA:80,14,1,1
BRDA:81,15,0,2
BRDA:81,15,1,1
BRDA:88,16,0,0
BRDA:88,16,1,1
BRF:30
BRH:23
end_of_record
TN:
SF:lib/auth.ts
FN:81,(anonymous_0)
FN:220,(anonymous_1)
FN:235,(anonymous_2)
FN:261,(anonymous_3)
FN:514,(anonymous_4)
FN:558,(anonymous_5)
FN:602,(anonymous_6)
FN:613,(anonymous_7)
FN:622,(anonymous_8)
FN:633,(anonymous_9)
FN:639,(anonymous_10)
FN:644,(anonymous_11)
FN:665,ensureAutoAcceptedDomainMembership
FN:715,(anonymous_13)
FN:720,(anonymous_14)
FN:733,(anonymous_15)
FN:763,(anonymous_16)
FN:764,(anonymous_17)
FN:765,(anonymous_18)
FN:790,createUser
FN:845,verifyEmailToken
FN:879,createPasswordResetToken
FN:913,resetPassword
FN:960,createOrganization
FNF:24
FNH:17
FNDA:13,(anonymous_0)
FNDA:2,(anonymous_1)
FNDA:4,(anonymous_2)
FNDA:6,(anonymous_3)
FNDA:2,(anonymous_4)
FNDA:0,(anonymous_5)
FNDA:1,(anonymous_6)
FNDA:3,(anonymous_7)
FNDA:2,(anonymous_8)
FNDA:2,(anonymous_9)
FNDA:1,(anonymous_10)
FNDA:1,(anonymous_11)
FNDA:3,ensureAutoAcceptedDomainMembership
FNDA:0,(anonymous_13)
FNDA:0,(anonymous_14)
FNDA:0,(anonymous_15)
FNDA:0,(anonymous_16)
FNDA:0,(anonymous_17)
FNDA:0,(anonymous_18)
FNDA:2,createUser
FNDA:2,verifyEmailToken
FNDA:2,createPasswordResetToken
FNDA:2,resetPassword
FNDA:2,createOrganization
DA:16,3
DA:18,3
DA:19,0
DA:27,3
DA:34,3
DA:36,3
DA:37,0
DA:45,3
DA:51,3
DA:83,13
DA:84,3
DA:86,3
DA:96,3
DA:97,1
DA:101,2
DA:107,2
DA:108,0
DA:112,2
DA:113,1
DA:117,1
DA:122,1
DA:129,1
DA:130,1
DA:135,10
DA:136,2
DA:139,8
DA:141,8
DA:147,8
DA:148,1
DA:152,7
DA:153,1
DA:157,6
DA:158,1
DA:162,5
DA:163,1
DA:166,4
DA:168,4
DA:170,2
DA:171,2
DA:173,2
DA:181,2
DA:185,2
DA:194,2
DA:196,1
DA:200,1
DA:205,1
DA:212,6
DA:213,6
DA:222,2
DA:223,1
DA:232,2
DA:236,4
DA:237,4
DA:239,4
DA:240,1
DA:243,3
DA:244,1
DA:247,2
DA:249,2
DA:250,1
DA:253,1
DA:255,0
DA:256,0
DA:262,6
DA:263,6
DA:273,6
DA:274,4
DA:276,4
DA:282,4
DA:283,1
DA:287,1
DA:290,3
DA:293,3
DA:294,1
DA:296,1
DA:307,1
DA:308,0
DA:313,0
DA:316,1
DA:317,0
DA:320,0
DA:323,1
DA:324,1
DA:330,2
DA:331,1
DA:336,1
DA:340,1
DA:348,1
DA:349,1
DA:352,1
DA:353,1
DA:356,1
DA:361,1
DA:362,0
DA:369,1
DA:378,2
DA:380,2
DA:381,2
DA:382,2
DA:383,2
DA:384,2
DA:394,4
DA:395,0
DA:397,0
DA:398,0
DA:401,0
DA:404,0
DA:410,0
DA:411,0
DA:415,0
DA:418,0
DA:420,0
DA:421,0
DA:432,0
DA:433,0
DA:437,0
DA:440,0
DA:441,0
DA:446,0
DA:447,0
DA:451,0
DA:454,0
DA:460,0
DA:461,0
DA:463,0
DA:467,0
DA:468,0
DA:475,0
DA:476,0
DA:477,0
DA:478,0
DA:479,0
DA:484,0
DA:486,0
DA:487,0
DA:490,4
DA:491,3
DA:497,3
DA:498,3
DA:500,3
DA:506,4
DA:508,0
DA:509,0
DA:515,2
DA:523,2
DA:524,1
DA:529,1
DA:532,1
DA:533,1
DA:535,1
DA:537,1
DA:543,1
DA:558,1
DA:568,1
DA:574,1
DA:575,1
DA:576,1
DA:577,1
DA:580,1
DA:587,1
DA:593,2
DA:603,1
DA:604,1
DA:614,3
DA:616,3
DA:623,2
DA:634,2
DA:640,1
DA:645,1
DA:669,3
DA:671,3
DA:672,2
DA:673,2
DA:676,1
DA:677,1
DA:678,1
DA:681,0
DA:682,0
DA:684,0
DA:690,0
DA:692,0
DA:693,0
DA:694,0
DA:697,0
DA:698,0
DA:699,0
DA:702,0
DA:707,0
DA:709,0
DA:710,0
DA:711,0
DA:714,0
DA:716,0
DA:720,3
DA:722,0
DA:725,3
DA:726,0
DA:730,0
DA:733,0
DA:740,0
DA:744,0
DA:746,0
DA:747,0
DA:748,0
DA:753,0
DA:755,0
DA:761,0
DA:762,0
DA:763,0
DA:764,0
DA:765,0
DA:766,0
DA:772,0
DA:773,0
DA:780,0
DA:786,0
DA:798,2
DA:800,2
DA:801,2
DA:810,2
DA:825,2
DA:826,1
DA:827,1
DA:830,1
DA:836,1
DA:837,1
DA:839,1
DA:840,1
DA:841,1
DA:846,2
DA:847,2
DA:854,2
DA:855,1
DA:859,1
DA:868,1
DA:869,0
DA:872,1
DA:874,0
DA:875,0
DA:880,2
DA:881,2
DA:887,2
DA:888,1
DA:891,1
DA:892,1
DA:894,1
DA:902,1
DA:903,0
DA:906,1
DA:908,0
DA:909,0
DA:914,2
DA:915,2
DA:922,2
DA:923,1
DA:926,1
DA:929,1
DA:938,1
DA:939,0
DA:943,1
DA:948,1
DA:950,0
DA:951,0
DA:966,2
DA:968,2
DA:986,2
DA:987,1
DA:991,1
DA:1002,1
DA:1003,0
DA:1006,1
DA:1008,1
DA:1009,1
LF:273
LH:180
BRDA:16,0,0,3
BRDA:16,0,1,0
BRDA:18,1,0,0
BRDA:18,1,1,3
BRDA:22,2,0,0
BRDA:22,2,1,0
BRDA:34,3,0,3
BRDA:34,3,1,0
BRDA:36,4,0,0
BRDA:36,4,1,3
BRDA:40,5,0,0
BRDA:40,5,1,0
BRDA:54,6,0,0
BRDA:54,6,1,3
BRDA:63,7,0,0
BRDA:63,7,1,3
BRDA:83,8,0,3
BRDA:83,8,1,10
BRDA:96,9,0,1
BRDA:96,9,1,2
BRDA:96,10,0,3
BRDA:96,10,1,2
BRDA:107,11,0,0
BRDA:107,11,1,2
BRDA:107,12,0,2
BRDA:107,12,1,2
BRDA:112,13,0,1
BRDA:112,13,1,1
BRDA:112,14,0,2
BRDA:112,14,1,1
BRDA:135,15,0,2
BRDA:135,15,1,8
BRDA:135,16,0,10
BRDA:135,16,1,8
BRDA:147,17,0,1
BRDA:147,17,1,7
BRDA:147,18,0,8
BRDA:147,18,1,7
BRDA:152,19,0,1
BRDA:152,19,1,6
BRDA:152,20,0,7
BRDA:152,20,1,1
BRDA:157,21,0,1
BRDA:157,21,1,5
BRDA:162,22,0,1
BRDA:162,22,1,4
BRDA:168,23,0,2
BRDA:168,23,1,2
BRDA:170,24,0,2
BRDA:170,24,1,1
BRDA:171,25,0,1
BRDA:171,25,1,1
BRDA:194,26,0,1
BRDA:194,26,1,1
BRDA:194,27,0,2
BRDA:194,27,1,1
BRDA:222,28,0,1
BRDA:222,28,1,1
BRDA:222,29,0,2
BRDA:222,29,1,1
BRDA:239,30,0,1
BRDA:239,30,1,3
BRDA:243,31,0,1
BRDA:243,31,1,2
BRDA:249,32,0,1
BRDA:249,32,1,1
BRDA:273,33,0,4
BRDA:273,33,1,2
BRDA:282,34,0,1
BRDA:282,34,1,3
BRDA:282,35,0,4
BRDA:282,35,1,2
BRDA:293,36,0,1
BRDA:293,36,1,2
BRDA:307,37,0,0
BRDA:307,37,1,1
BRDA:316,38,0,0
BRDA:316,38,1,1
BRDA:330,39,0,1
BRDA:330,39,1,1
BRDA:330,40,0,2
BRDA:330,40,1,1
BRDA:348,41,0,1
BRDA:348,41,1,0
BRDA:348,42,0,1
BRDA:348,42,1,1
BRDA:352,43,0,1
BRDA:352,43,1,0
BRDA:353,44,0,1
BRDA:353,44,1,0
BRDA:361,45,0,0
BRDA:361,45,1,1
BRDA:378,46,0,2
BRDA:378,46,1,0
BRDA:381,47,0,2
BRDA:381,47,1,0
BRDA:383,48,0,2
BRDA:383,48,1,2
BRDA:394,49,0,0
BRDA:394,49,1,4
BRDA:397,50,0,0
BRDA:397,50,1,0
BRDA:410,51,0,0
BRDA:410,51,1,0
BRDA:410,52,0,0
BRDA:410,52,1,0
BRDA:420,53,0,0
BRDA:420,53,1,0
BRDA:432,54,0,0
BRDA:432,54,1,0
BRDA:432,55,0,0
BRDA:432,55,1,0
BRDA:446,56,0,0
BRDA:446,56,1,0
BRDA:446,57,0,0
BRDA:446,57,1,0
BRDA:460,58,0,0
BRDA:460,58,1,0
BRDA:460,59,0,0
BRDA:460,59,1,0
BRDA:461,60,0,0
BRDA:461,60,1,0
BRDA:461,61,0,0
BRDA:461,61,1,0
BRDA:467,62,0,0
BRDA:467,62,1,0
BRDA:475,63,0,0
BRDA:475,63,1,0
BRDA:477,64,0,0
BRDA:477,64,1,0
BRDA:479,65,0,0
BRDA:479,65,1,0
BRDA:484,66,0,0
BRDA:484,66,1,0
BRDA:486,67,0,0
BRDA:486,67,1,0
BRDA:487,68,0,0
BRDA:487,68,1,0
BRDA:490,69,0,3
BRDA:490,69,1,1
BRDA:523,70,0,1
BRDA:523,70,1,1
BRDA:523,71,0,2
BRDA:523,71,1,1
BRDA:532,72,0,0
BRDA:532,72,1,1
BRDA:533,73,0,0
BRDA:533,73,1,1
BRDA:558,74,0,1
BRDA:558,74,1,1
BRDA:574,75,0,1
BRDA:574,75,1,0
BRDA:575,76,0,1
BRDA:575,76,1,0
BRDA:576,77,0,1
BRDA:576,77,1,0
BRDA:577,78,0,1
BRDA:577,78,1,0
BRDA:603,79,0,1
BRDA:603,79,1,0
BRDA:614,80,0,3
BRDA:614,80,1,2
BRDA:617,81,0,2
BRDA:617,81,1,1
BRDA:618,82,0,2
BRDA:618,82,1,1
BRDA:619,83,0,2
BRDA:619,83,1,1
BRDA:624,84,0,1
BRDA:624,84,1,1
BRDA:626,85,0,1
BRDA:626,85,1,1
BRDA:627,86,0,1
BRDA:627,86,1,1
BRDA:636,87,0,1
BRDA:636,87,1,1
BRDA:671,88,0,2
BRDA:671,88,1,1
BRDA:676,89,0,1
BRDA:676,89,1,0
BRDA:692,90,0,0
BRDA:692,90,1,0
BRDA:697,91,0,0
BRDA:697,91,1,0
BRDA:697,92,0,0
BRDA:697,92,1,0
BRDA:709,93,0,0
BRDA:709,93,1,0
BRDA:715,94,0,0
BRDA:715,94,1,0
BRDA:720,95,0,3
BRDA:720,95,1,0
BRDA:722,96,0,0
BRDA:722,96,1,0
BRDA:725,97,0,0
BRDA:725,97,1,3
BRDA:746,98,0,0
BRDA:746,98,1,0
BRDA:747,99,0,0
BRDA:747,99,1,0
BRDA:761,100,0,0
BRDA:761,100,1,0
BRDA:772,101,0,0
BRDA:772,101,1,0
BRDA:796,102,0,2
BRDA:819,103,0,0
BRDA:819,103,1,2
BRDA:820,104,0,0
BRDA:820,104,1,2
BRDA:825,105,0,1
BRDA:825,105,1,1
BRDA:854,106,0,1
BRDA:854,106,1,1
BRDA:854,107,0,2
BRDA:854,107,1,1
BRDA:868,108,0,0
BRDA:868,108,1,1
BRDA:887,109,0,1
BRDA:887,109,1,1
BRDA:887,110,0,2
BRDA:887,110,1,1
BRDA:902,111,0,0
BRDA:902,111,1,1
BRDA:922,112,0,1
BRDA:922,112,1,1
BRDA:922,113,0,2
BRDA:922,113,1,1
BRDA:938,114,0,0
BRDA:938,114,1,1
BRDA:964,115,0,2
BRDA:980,116,0,2
BRDA:980,116,1,2
BRDA:981,117,0,2
BRDA:981,117,1,2
BRDA:986,118,0,1
BRDA:986,118,1,1
BRDA:1002,119,0,0
BRDA:1002,119,1,1
BRF:238
BRH:144
end_of_record
TN:
SF:lib/debug.ts
FN:6,(anonymous_0)
FN:26,(anonymous_1)
FN:32,(anonymous_2)
FN:44,(anonymous_3)
FN:48,(anonymous_4)
FN:58,(anonymous_5)
FN:112,(anonymous_6)
FN:116,(anonymous_7)
FN:120,(anonymous_8)
FN:124,(anonymous_9)
FN:128,(anonymous_10)
FN:132,(anonymous_11)
FN:137,(anonymous_12)
FN:141,(anonymous_13)
FN:145,(anonymous_14)
FN:149,(anonymous_15)
FN:153,(anonymous_16)
FN:157,(anonymous_17)
FN:168,generateRequestId
FN:173,(anonymous_19)
FN:174,(anonymous_20)
FN:175,(anonymous_21)
FN:176,(anonymous_22)
FN:177,(anonymous_23)
FN:178,(anonymous_24)
FN:185,(anonymous_25)
FN:191,(anonymous_26)
FN:199,(anonymous_27)
FN:209,(anonymous_28)
FNF:29
FNH:29
FNDA:9,(anonymous_0)
FNDA:10,(anonymous_1)
FNDA:10,(anonymous_2)
FNDA:38,(anonymous_3)
FNDA:34,(anonymous_4)
FNDA:38,(anonymous_5)
FNDA:1,(anonymous_6)
FNDA:6,(anonymous_7)
FNDA:5,(anonymous_8)
FNDA:12,(anonymous_9)
FNDA:11,(anonymous_10)
FNDA:4,(anonymous_11)
FNDA:4,(anonymous_12)
FNDA:2,(anonymous_13)
FNDA:2,(anonymous_14)
FNDA:2,(anonymous_15)
FNDA:2,(anonymous_16)
FNDA:6,(anonymous_17)
FNDA:11,generateRequestId
FNDA:3,(anonymous_19)
FNDA:1,(anonymous_20)
FNDA:1,(anonymous_21)
FNDA:1,(anonymous_22)
FNDA:1,(anonymous_23)
FNDA:1,(anonymous_24)
FNDA:2,(anonymous_25)
FNDA:2,(anonymous_26)
FNDA:2,(anonymous_27)
FNDA:3,(anonymous_28)
DA:6,9
DA:7,9
DA:8,9
DA:9,9
DA:10,9
DA:11,9
DA:27,10
DA:28,10
DA:29,10
DA:33,10
DA:34,10
DA:35,1
DA:36,1
DA:37,1
DA:38,0
DA:39,1
DA:40,6
DA:45,38
DA:49,34
DA:50,6
DA:51,5
DA:52,11
DA:53,11
DA:54,1
DA:59,38
DA:61,34
DA:63,31
DA:64,31
DA:65,31
DA:66,31
DA:68,31
DA:72,31
DA:74,5
DA:75,26
DA:77,4
DA:80,22
DA:84,3
DA:90,3
DA:91,0
DA:94,3
DA:95,3
DA:97,1
DA:98,2
DA:100,1
DA:103,1
DA:113,1
DA:117,6
DA:121,5
DA:125,12
DA:129,11
DA:133,4
DA:138,4
DA:142,2
DA:146,2
DA:150,2
DA:154,2
DA:158,6
DA:163,9
DA:169,11
DA:173,9
DA:174,9
DA:175,9
DA:176,9
DA:177,9
DA:178,9
DA:186,2
DA:187,2
DA:188,2
DA:192,2
DA:193,2
DA:200,2
DA:201,2
DA:209,9
DA:210,3
DA:211,3
DA:213,3
LF:76
LH:74
BRDA:26,0,0,10
BRDA:34,1,0,1
BRDA:34,1,1,1
BRDA:34,1,2,1
BRDA:34,1,3,0
BRDA:34,1,4,1
BRDA:34,1,5,6
BRDA:40,2,0,5
BRDA:40,2,1,1
BRDA:49,3,0,6
BRDA:49,3,1,5
BRDA:49,3,2,11
BRDA:49,3,3,11
BRDA:49,3,4,1
BRDA:59,4,0,4
BRDA:59,4,1,34
BRDA:61,5,0,31
BRDA:61,5,1,3
BRDA:66,6,0,1
BRDA:66,6,1,30
BRDA:68,7,0,20
BRDA:68,7,1,11
BRDA:72,8,0,5
BRDA:72,8,1,26
BRDA:75,9,0,4
BRDA:75,9,1,22
BRDA:90,10,0,0
BRDA:90,10,1,3
BRDA:95,11,0,1
BRDA:95,11,1,2
BRDA:98,12,0,1
BRDA:98,12,1,1
BRDA:210,13,0,2
BRDA:210,13,1,1
BRDA:211,14,0,2
BRDA:211,14,1,1
BRDA:213,15,0,2
BRDA:213,15,1,1
BRF:38
BRH:36
end_of_record
TN:
SF:lib/email-domain.ts
FN:38,(anonymous_0)
FN:41,normalizeEmailDomain
FN:50,getEmailDomain
FN:63,isPersonalEmailDomain
FNF:4
FNH:4
FNDA:66,(anonymous_0)
FNDA:21,normalizeEmailDomain
FNDA:9,getEmailDomain
FNDA:10,isPersonalEmailDomain
DA:1,2
DA:37,2
DA:38,66
DA:42,21
DA:43,6
DA:46,15
DA:47,15
DA:51,9
DA:52,3
DA:55,6
DA:56,6
DA:57,2
DA:60,4
DA:64,10
DA:65,10
DA:66,3
DA:69,7
LF:17
LH:17
BRDA:42,0,0,6
BRDA:42,0,1,15
BRDA:47,1,0,15
BRDA:47,1,1,1
BRDA:51,2,0,3
BRDA:51,2,1,6
BRDA:56,3,0,2
BRDA:56,3,1,4
BRDA:56,4,0,6
BRDA:56,4,1,5
BRDA:65,5,0,3
BRDA:65,5,1,7
BRF:12
BRH:12
end_of_record
TN:
SF:lib/env.ts
FN:51,validateEnv
FN:55,(anonymous_1)
FNF:2
FNH:2
FNDA:6,validateEnv
FNDA:10,(anonymous_1)
DA:10,6
DA:52,6
DA:54,6
DA:55,2
DA:56,10
DA:58,2
DA:63,2
DA:64,2
DA:65,2
DA:66,1
DA:76,1
DA:79,4
DA:82,6
LF:13
LH:13
BRDA:54,0,0,2
BRDA:54,0,1,4
BRDA:65,1,0,1
BRDA:65,1,1,1
BRDA:65,2,0,2
BRDA:65,2,1,1
BRDA:68,3,0,1
BRDA:68,3,1,1
BRDA:69,4,0,1
BRDA:69,4,1,1
BRDA:70,5,0,1
BRDA:70,5,1,1
BRDA:71,6,0,1
BRDA:71,6,1,1
BRDA:72,7,0,1
BRDA:72,7,1,1
BRDA:73,8,0,1
BRDA:73,8,1,1
BRF:18
BRH:18
end_of_record
TN:
SF:lib/lifecycle.ts
FN:13,isShuttingDown
FN:17,markShuttingDown
FNF:2
FNH:2
FNDA:3,isShuttingDown
FNDA:1,markShuttingDown
DA:14,3
DA:18,1
LF:2
LH:2
BRF:0
BRH:0
end_of_record
TN:
SF:lib/microservice-auth.ts
FN:29,generateAccessToken
FN:60,verifyAccessToken
FN:86,generateRefreshToken
FN:109,verifyRefreshToken
FN:135,revokeRefreshToken
FN:150,revokeAllUserTokens
FN:165,getUserOrganizationContext
FNF:7
FNH:6
FNDA:3,generateAccessToken
FNDA:4,verifyAccessToken
FNDA:1,generateRefreshToken
FNDA:1,verifyRefreshToken
FNDA:1,revokeRefreshToken
FNDA:1,revokeAllUserTokens
FNDA:0,getUserOrganizationContext
DA:9,1
DA:10,1
DA:11,1
DA:12,1
DA:13,1
DA:37,3
DA:38,0
DA:41,3
DA:50,3
DA:61,4
DA:62,0
DA:65,4
DA:66,4
DA:71,4
DA:73,2
DA:74,2
DA:76,0
DA:77,0
DA:79,0
DA:87,1
DA:88,1
DA:89,1
DA:91,1
DA:99,1
DA:100,0
DA:103,1
DA:110,1
DA:116,1
DA:117,0
DA:120,1
DA:121,0
DA:124,1
DA:125,1
DA:126,0
DA:129,1
DA:136,1
DA:142,1
DA:143,0
DA:151,1
DA:157,1
DA:158,0
DA:175,0
DA:181,0
DA:182,0
DA:186,0
DA:193,0
DA:194,0
DA:197,0
DA:198,0
DA:200,0
LF:50
LH:30
BRDA:9,0,0,1
BRDA:9,0,1,0
BRDA:37,1,0,0
BRDA:37,1,1,3
BRDA:61,2,0,0
BRDA:61,2,1,4
BRDA:73,3,0,2
BRDA:73,3,1,0
BRDA:76,4,0,0
BRDA:76,4,1,0
BRDA:99,5,0,0
BRDA:99,5,1,1
BRDA:116,6,0,0
BRDA:116,6,1,1
BRDA:116,7,0,1
BRDA:116,7,1,1
BRDA:120,8,0,0
BRDA:120,8,1,1
BRDA:125,9,0,0
BRDA:125,9,1,1
BRDA:142,10,0,0
BRDA:142,10,1,1
BRDA:157,11,0,0
BRDA:157,11,1,1
BRDA:181,12,0,0
BRDA:181,12,1,0
BRDA:181,13,0,0
BRDA:181,13,1,0
BRDA:193,14,0,0
BRDA:193,14,1,0
BRDA:193,15,0,0
BRDA:193,15,1,0
BRDA:193,15,2,0
BRF:33
BRH:12
end_of_record
TN:
SF:lib/permissions.ts
FN:71,hasPermission
FN:76,(anonymous_1)
FN:79,(anonymous_2)
FN:87,getRolePermissions
FN:88,(anonymous_4)
FN:95,canUserPerformAction
FN:106,getAccessibleRoutes
FN:111,(anonymous_7)
FN:135,canInviteMembers
FN:139,canManageMembers
FN:143,canChangeRoles
FN:147,canRemoveMembers
FN:159,canCancelInvitations
FN:163,canResendInvitations
FNF:14
FNH:14
FNDA:19,hasPermission
FNDA:37,(anonymous_1)
FNDA:82,(anonymous_2)
FNDA:7,getRolePermissions
FNDA:15,(anonymous_4)
FNDA:2,canUserPerformAction
FNDA:3,getAccessibleRoutes
FNDA:21,(anonymous_7)
FNDA:3,canInviteMembers
FNDA:3,canManageMembers
FNDA:3,canChangeRoles
FNDA:6,canRemoveMembers
FNDA:3,canCancelInvitations
FNDA:3,canResendInvitations
DA:14,2
DA:76,37
DA:77,19
DA:79,18
DA:80,82
DA:88,15
DA:89,7
DA:100,2
DA:107,3
DA:108,3
DA:111,3
DA:112,21
DA:114,10
DA:115,3
DA:117,10
DA:118,2
DA:120,10
DA:122,7
DA:123,2
DA:125,7
DA:129,3
DA:136,3
DA:140,3
DA:144,3
DA:149,6
DA:150,2
DA:153,4
DA:154,3
DA:156,1
DA:160,3
DA:164,3
LF:31
LH:31
BRDA:77,0,0,1
BRDA:77,0,1,18
BRDA:80,1,0,82
BRDA:80,1,1,40
BRDA:89,2,0,7
BRDA:89,2,1,1
BRDA:112,3,0,10
BRDA:112,3,1,7
BRDA:114,4,0,3
BRDA:114,4,1,7
BRDA:114,5,0,10
BRDA:114,5,1,3
BRDA:117,6,0,2
BRDA:117,6,1,8
BRDA:117,7,0,10
BRDA:117,7,1,2
BRDA:122,8,0,2
BRDA:122,8,1,5
BRDA:122,9,0,7
BRDA:122,9,1,2
BRDA:136,10,0,3
BRDA:136,10,1,2
BRDA:140,11,0,3
BRDA:140,11,1,2
BRDA:149,12,0,2
BRDA:149,12,1,4
BRDA:153,13,0,3
BRDA:153,13,1,1
BRDA:160,14,0,3
BRDA:160,14,1,2
BRDA:164,15,0,3
BRDA:164,15,1,2
BRF:32
BRH:32
end_of_record
TN:
SF:lib/supabase.ts
FN:24,createServerSupabaseClient
FN:32,(anonymous_1)
FN:35,(anonymous_2)
FN:44,(anonymous_3)
FNF:4
FNH:0
FNDA:0,createServerSupabaseClient
FNDA:0,(anonymous_1)
FNDA:0,(anonymous_2)
FNDA:0,(anonymous_3)
DA:8,1
DA:9,1
DA:10,1
DA:13,1
DA:16,1
DA:25,0
DA:27,0
DA:33,0
DA:36,0
DA:37,0
DA:45,0
DA:46,0
LF:12
LH:5
BRF:0
BRH:0
end_of_record
TN:
SF:lib/two-factor.ts
FN:8,generate2FACode
FN:12,store2FACode
FN:23,verify2FACode
FN:57,generateBackupCodes
FN:68,generateTOTPSecret
FN:87,generateTOTPQRCode
FN:100,verifyTOTPCode
FN:117,verifyBackupCode
FN:137,(anonymous_8)
FNF:9
FNH:7
FNDA:11,generate2FACode
FNDA:0,store2FACode
FNDA:1,verify2FACode
FNDA:3,generateBackupCodes
FNDA:2,generateTOTPSecret
FNDA:1,generateTOTPQRCode
FNDA:3,verifyTOTPCode
FNDA:1,verifyBackupCode
FNDA:0,(anonymous_8)
DA:9,11
DA:14,0
DA:24,1
DA:25,1
DA:35,1
DA:36,1
DA:39,0
DA:41,0
DA:43,0
DA:50,0
DA:52,0
DA:53,0
DA:58,3
DA:59,3
DA:60,30
DA:62,3
DA:72,2
DA:78,2
DA:88,1
DA:89,1
DA:90,1
DA:92,0
DA:93,0
DA:101,3
DA:102,3
DA:109,0
DA:110,0
DA:118,1
DA:119,1
DA:125,1
DA:126,1
DA:129,0
DA:130,0
DA:132,0
DA:133,0
DA:137,0
DA:138,0
DA:143,0
DA:145,0
DA:146,0
LF:40
LH:20
BRDA:35,0,0,1
BRDA:35,0,1,0
BRDA:35,1,0,1
BRDA:35,1,1,1
BRDA:41,2,0,0
BRDA:41,2,1,0
BRDA:68,3,0,2
BRDA:79,4,0,2
BRDA:79,4,1,0
BRDA:79,4,2,0
BRDA:80,5,0,2
BRDA:80,5,1,0
BRDA:100,6,0,3
BRDA:125,7,0,1
BRDA:125,7,1,0
BRDA:125,8,0,1
BRDA:125,8,1,1
BRDA:125,8,2,0
BRDA:132,9,0,0
BRDA:132,9,1,0
BRF:20
BRH:10
end_of_record
TN:
SF:lib/features/index.ts
FN:18,camelCaseFromSegments
FN:20,(anonymous_1)
FN:29,normalizeEnvKey
FN:47,readEnvOverrides
FN:75,resolveFeatureFlags
FN:79,(anonymous_5)
FN:93,isFeatureEnabled
FNF:7
FNH:6
FNDA:2,camelCaseFromSegments
FNDA:4,(anonymous_1)
FNDA:633,normalizeEnvKey
FNDA:3,readEnvOverrides
FNDA:3,resolveFeatureFlags
FNDA:12,(anonymous_5)
FNDA:0,isFeatureEnabled
DA:6,1
DA:7,1
DA:19,2
DA:21,4
DA:22,2
DA:24,2
DA:30,633
DA:31,631
DA:34,2
DA:35,2
DA:36,0
DA:39,2
DA:40,2
DA:41,0
DA:44,2
DA:48,3
DA:50,3
DA:51,3
DA:52,326
DA:53,9
DA:57,317
DA:60,326
DA:61,315
DA:64,2
DA:65,2
DA:66,0
DA:67,2
DA:68,2
DA:72,3
DA:76,3
DA:77,3
DA:79,3
DA:80,12
DA:81,12
DA:82,12
DA:90,3
DA:94,0
DA:95,0
LF:38
LH:33
BRDA:21,0,0,2
BRDA:21,0,1,2
BRDA:30,1,0,631
BRDA:30,1,1,2
BRDA:35,2,0,0
BRDA:35,2,1,2
BRDA:40,3,0,0
BRDA:40,3,1,2
BRDA:52,4,0,9
BRDA:52,4,1,317
BRDA:52,5,0,326
BRDA:52,5,1,326
BRDA:57,6,0,317
BRDA:57,6,1,316
BRDA:60,7,0,315
BRDA:60,7,1,11
BRDA:65,8,0,0
BRDA:65,8,1,2
BRDA:67,9,0,2
BRDA:67,9,1,0
BRDA:85,10,0,12
BRDA:85,10,1,10
BRDA:86,11,0,10
BRDA:86,11,1,2
BRDA:94,12,0,0
BRDA:94,12,1,0
BRDA:95,13,0,0
BRDA:95,13,1,0
BRF:28
BRH:20
end_of_record
TN:
SF:src/app/api/tenants/[tenant]/audit-logs/route.ts
FN:13,GET
FNF:1
FNH:1
FNDA:3,GET
DA:11,1
DA:18,3
DA:19,1
DA:22,2
DA:23,2
DA:25,2
DA:26,0
DA:29,2
DA:30,2
DA:31,0
DA:37,2
DA:42,2
DA:43,1
DA:49,1
DA:50,1
DA:51,3
DA:56,3
DA:57,3
DA:59,3
DA:64,1
DA:67,0
DA:69,0
DA:71,0
DA:75,0
DA:76,0
DA:79,0
LF:26
LH:18
BRDA:18,0,0,1
BRDA:18,0,1,2
BRDA:25,1,0,0
BRDA:25,1,1,2
BRDA:30,2,0,0
BRDA:30,2,1,2
BRDA:42,3,0,1
BRDA:42,3,1,1
BRDA:50,4,0,1
BRDA:50,4,1,0
BRDA:52,5,0,3
BRDA:52,5,1,0
BRDA:56,6,0,1
BRDA:56,6,1,0
BRDA:57,7,0,1
BRDA:57,7,1,0
BRDA:67,8,0,0
BRDA:67,8,1,0
BRDA:71,9,0,0
BRDA:71,9,1,0
BRDA:72,10,0,0
BRDA:72,10,1,0
BRDA:75,11,0,0
BRDA:75,11,1,0
BRF:24
BRH:10
end_of_record
